<?xml version="1.0" encoding="UTF-8"?>
<!-- Generated by org.testng.reporters.JUnitXMLReporter -->
<testsuite ignored="2" hostname="bcd07447d257.ant.amazon.com" failures="0" tests="1" name="Chrome Browser" time="22.075" errors="0" timestamp="2024-04-27T13:39:13 IST">
  <testcase classname="org.LoginTest1" name="successLogin" time="15.756"/>
  <testcase classname="org.LoginTest1" name="actionTest" time="0.0">
    <ignored/>
  </testcase> <!-- actionTest -->
  <testcase classname="org.LoginTest1" name="unsuccessLogin" time="0.0">
    <ignored/>
  </testcase> <!-- unsuccessLogin -->
</testsuite> <!-- Chrome Browser -->
