<?xml version="1.0" encoding="UTF-8"?>
<testng-results ignored="2" total="3" passed="1" failed="0" skipped="0">
  <reporter-output>
  </reporter-output>
  <suite started-at="2024-04-27T13:38:51 IST" name="Login Page Demo" finished-at="2024-04-27T13:39:13 IST" duration-ms="22075">
    <groups>
      <group name="Sanity2">
        <method signature="LoginTest1.successLogin()[pri:1, instance:org.LoginTest1@ffaa6af]" name="successLogin" class="org.LoginTest1"/>
      </group> <!-- Sanity2 -->
    </groups>
    <test started-at="2024-04-27T13:38:51 IST" name="Chrome Browser" finished-at="2024-04-27T13:39:13 IST" duration-ms="22075">
      <class name="org.LoginTest1">
        <test-method is-config="true" signature="beforeMethod(java.lang.String)[pri:0, instance:org.LoginTest1@ffaa6af]" started-at="2024-04-27T13:38:51 IST" name="beforeMethod" finished-at="2024-04-27T13:38:57 IST" duration-ms="6163" status="PASS">
          <params>
            <param index="0">
              <value>
                <![CDATA[chrome]]>
              </value>
            </param>
          </params>
          <reporter-output>
          </reporter-output>
        </test-method> <!-- beforeMethod -->
        <test-method signature="successLogin()[pri:1, instance:org.LoginTest1@ffaa6af]" started-at="2024-04-27T13:38:57 IST" name="successLogin" finished-at="2024-04-27T13:39:13 IST" duration-ms="15756" status="PASS">
          <reporter-output>
          </reporter-output>
        </test-method> <!-- successLogin -->
        <test-method is-config="true" signature="tearDown()[pri:0, instance:org.LoginTest1@ffaa6af]" started-at="2024-04-27T13:39:13 IST" name="tearDown" finished-at="2024-04-27T13:39:13 IST" duration-ms="121" status="PASS">
          <reporter-output>
          </reporter-output>
        </test-method> <!-- tearDown -->
      </class> <!-- org.LoginTest1 -->
    </test> <!-- Chrome Browser -->
  </suite> <!-- Login Page Demo -->
</testng-results>
